{
  "RSpec": {
    "coverage": {
      "/Users/crgr33/Desktop/our_challenges/stack-overflow/app/helpers/application_helper.rb": [
        1,
        null
      ],
      "/Users/crgr33/Desktop/our_challenges/stack-overflow/app/controllers/answers_controller.rb": [
        1,
        null,
        1,
        null,
        null,
        null,
        1,
        0,
        0,
        null,
        null,
        1,
        null,
        null,
        1,
        0,
        0,
        null,
        null,
        1,
        null,
        1,
        0,
        null,
        null
      ],
      "/Users/crgr33/Desktop/our_challenges/stack-overflow/app/controllers/application_controller.rb": [
        1,
        null,
        null,
        1,
        null,
        1,
        0,
        null,
        1,
        null,
        1,
        0,
        null,
        null,
        null
      ],
      "/Users/crgr33/Desktop/our_challenges/stack-overflow/app/controllers/comments_controller.rb": [
        1,
        null
      ],
      "/Users/crgr33/Desktop/our_challenges/stack-overflow/app/controllers/questions_controller.rb": [
        1,
        null,
        1,
        2,
        null,
        null,
        1,
        0,
        null,
        null,
        1,
        0,
        0,
        null,
        0,
        0,
        null,
        0,
        null,
        0,
        null,
        null,
        null,
        1,
        2,
        null,
        null,
        1,
        0,
        null,
        null,
        1,
        0,
        0,
        null,
        0,
        null,
        null,
        null,
        1,
        1,
        1,
        null,
        1,
        null,
        null,
        1,
        null,
        1,
        0,
        null,
        null,
        null
      ],
      "/Users/crgr33/Desktop/our_challenges/stack-overflow/app/controllers/users_controller.rb": [
        1,
        null,
        1,
        0,
        0,
        0,
        null,
        null,
        1,
        0,
        null,
        null,
        1,
        0,
        0,
        null,
        0,
        0,
        0,
        null,
        0,
        null,
        null,
        null,
        1,
        null,
        null,
        null,
        1,
        null,
        1,
        0,
        null,
        null
      ],
      "/Users/crgr33/Desktop/our_challenges/stack-overflow/app/controllers/votes_controller.rb": [
        1,
        null
      ],
      "/Users/crgr33/Desktop/our_challenges/stack-overflow/app/models/answer.rb": [
        1,
        1,
        null,
        1,
        null,
        1,
        1,
        1,
        1,
        null,
        null
      ],
      "/Users/crgr33/Desktop/our_challenges/stack-overflow/app/models/comment.rb": [
        1,
        1,
        1,
        null,
        null
      ],
      "/Users/crgr33/Desktop/our_challenges/stack-overflow/app/models/question.rb": [
        1,
        1,
        null,
        1,
        null,
        1,
        1,
        1,
        1,
        null,
        null
      ],
      "/Users/crgr33/Desktop/our_challenges/stack-overflow/app/models/user.rb": [
        1,
        null,
        1,
        1,
        null,
        1,
        null,
        null,
        1,
        1,
        1,
        1,
        null,
        1,
        null
      ],
      "/Users/crgr33/Desktop/our_challenges/stack-overflow/app/models/vote.rb": [
        1,
        1,
        1,
        null,
        1,
        1,
        null,
        1,
        null,
        1,
        0,
        0,
        null,
        null,
        null
      ]
    },
    "timestamp": 1428590049
  }
}
